<?xml version="1.0" encoding="UTF-8"?>
<!-- Generated by org.testng.reporters.JUnitReportReporter -->
<testsuite skipped="0" hostname="CO-IT00655" name="TestCases.TC008_GET_All_Employees" tests="4" failures="0" timestamp="26 mar 2020 00:06:57 GMT" time="0.028" errors="0">
  <testcase name="checkResponseBody" time="0.020" classname="TestCases.TC008_GET_All_Employees"/>
  <testcase name="checkResponseTime" time="0.003" classname="TestCases.TC008_GET_All_Employees"/>
  <testcase name="checkStatusCode" time="0.003" classname="TestCases.TC008_GET_All_Employees"/>
  <testcase name="checkStatusLine" time="0.002" classname="TestCases.TC008_GET_All_Employees"/>
</testsuite> <!-- TestCases.TC008_GET_All_Employees -->
