<?xml version="1.0" encoding="UTF-8"?>
<!-- Generated by org.testng.reporters.JUnitReportReporter -->
<testsuite skipped="0" hostname="CO-IT00655" name="TestCases.TC009_GET_Single_Employee_Record" tests="4" failures="0" timestamp="26 mar 2020 00:15:13 GMT" time="0.036" errors="0">
  <testcase name="checkResponseTime" time="0.003" classname="TestCases.TC009_GET_Single_Employee_Record"/>
  <testcase name="checkResponseBody" time="0.029" classname="TestCases.TC009_GET_Single_Employee_Record"/>
  <testcase name="checkStatusCode" time="0.002" classname="TestCases.TC009_GET_Single_Employee_Record"/>
  <testcase name="checkStatusLine" time="0.002" classname="TestCases.TC009_GET_Single_Employee_Record"/>
</testsuite> <!-- TestCases.TC009_GET_Single_Employee_Record -->
